2025-01-01 12:10:38 - INFO  c.o.OnlineExamSystemApplication - Starting OnlineExamSystemApplication using Java 23.0.1 with PID 14564 (D:\Eclipse\OnlineExamSystem\target\classes started by Darshan in D:\Eclipse\OnlineExamSystem)
2025-01-01 12:10:38 - INFO  c.o.OnlineExamSystemApplication - No active profile set, falling back to 1 default profile: "default"
2025-01-01 12:10:40 - INFO  c.o.OnlineExamSystemApplication - Started OnlineExamSystemApplication in 1.85 seconds (process running for 166430.473)
2025-01-01 12:10:40 - INFO  c.o.controller.AdminController - Logout Successfull
2025-01-01 12:11:02 - INFO  c.o.controller.StudentController - Student Login Successfull... emailID:akshu@gmail.com
2025-01-01 12:11:27 - INFO  c.o.controller.AdminController - Logout Successfull
2025-01-01 12:11:34 - ERROR c.o.controller.StudentController - Student Login failed
2025-01-01 12:15:41 - INFO  c.o.controller.AdminController - Admin Login successfull... emailId:darshan@gmail.com
2025-01-01 12:36:15 - INFO  c.o.controller.AdminController - Logout Successfull
2025-01-01 12:36:45 - INFO  c.o.controller.StudentController - Student Login Successfull... emailID:akshu@gmail.com
2025-01-01 14:22:05 - INFO  c.o.controller.StudentController - Student Login Successfull... emailID:akshu@gmail.com
2025-01-01 14:23:15 - INFO  c.o.controller.StudentController - Student Login Successfull... emailID:akshu@gmail.com
2025-01-01 14:43:41 - ERROR o.a.c.c.C.[.[.[.[dispatcherServlet] - Servlet.service() for servlet [dispatcherServlet] in context with path [] threw exception
io.jsonwebtoken.ExpiredJwtException: JWT expired at 2024-12-24T23:22:35Z. Current time: 2025-01-01T09:13:41Z, a difference of 640266527 milliseconds.  Allowed clock skew: 0 milliseconds.
	at io.jsonwebtoken.impl.DefaultJwtParser.parse(DefaultJwtParser.java:427)
2025-01-01 16:03:51 - INFO  c.o.OnlineExamSystemApplication - Starting OnlineExamSystemApplication using Java 23.0.1 with PID 14564 (D:\Eclipse\OnlineExamSystem\target\classes started by Darshan in D:\Eclipse\OnlineExamSystem)
2025-01-01 16:03:51 - INFO  c.o.OnlineExamSystemApplication - No active profile set, falling back to 1 default profile: "default"
2025-01-01 16:03:54 - INFO  c.o.OnlineExamSystemApplication - Started OnlineExamSystemApplication in 2.806 seconds (process running for 180424.518)
2025-01-01 16:10:12 - INFO  c.o.OnlineExamSystemApplication - Starting OnlineExamSystemApplication using Java 23.0.1 with PID 14564 (D:\Eclipse\OnlineExamSystem\target\classes started by Darshan in D:\Eclipse\OnlineExamSystem)
2025-01-01 16:10:12 - INFO  c.o.OnlineExamSystemApplication - No active profile set, falling back to 1 default profile: "default"
2025-01-01 16:10:14 - INFO  c.o.OnlineExamSystemApplication - Started OnlineExamSystemApplication in 2.28 seconds (process running for 180804.789)
2025-01-01 16:11:40 - INFO  c.o.OnlineExamSystemApplication - Starting OnlineExamSystemApplication using Java 23.0.1 with PID 14564 (D:\Eclipse\OnlineExamSystem\target\classes started by Darshan in D:\Eclipse\OnlineExamSystem)
2025-01-01 16:11:40 - INFO  c.o.OnlineExamSystemApplication - No active profile set, falling back to 1 default profile: "default"
2025-01-01 16:11:42 - INFO  c.o.OnlineExamSystemApplication - Started OnlineExamSystemApplication in 1.936 seconds (process running for 180892.865)
2025-01-01 16:11:59 - INFO  c.o.OnlineExamSystemApplication - Starting OnlineExamSystemApplication using Java 23.0.1 with PID 14564 (D:\Eclipse\OnlineExamSystem\target\classes started by Darshan in D:\Eclipse\OnlineExamSystem)
2025-01-01 16:11:59 - INFO  c.o.OnlineExamSystemApplication - No active profile set, falling back to 1 default profile: "default"
2025-01-01 16:12:01 - INFO  c.o.OnlineExamSystemApplication - Started OnlineExamSystemApplication in 1.773 seconds (process running for 180912.052)
2025-01-01 16:14:36 - INFO  c.o.OnlineExamSystemApplication - Starting OnlineExamSystemApplication using Java 23.0.1 with PID 14564 (D:\Eclipse\OnlineExamSystem\target\classes started by Darshan in D:\Eclipse\OnlineExamSystem)
2025-01-01 16:14:36 - INFO  c.o.OnlineExamSystemApplication - No active profile set, falling back to 1 default profile: "default"
2025-01-01 16:14:38 - INFO  c.o.OnlineExamSystemApplication - Started OnlineExamSystemApplication in 1.826 seconds (process running for 181068.64)
2025-01-01 16:16:13 - INFO  c.o.OnlineExamSystemApplication - Starting OnlineExamSystemApplication using Java 23.0.1 with PID 14564 (D:\Eclipse\OnlineExamSystem\target\classes started by Darshan in D:\Eclipse\OnlineExamSystem)
2025-01-01 16:16:13 - INFO  c.o.OnlineExamSystemApplication - No active profile set, falling back to 1 default profile: "default"
2025-01-01 16:16:15 - INFO  c.o.OnlineExamSystemApplication - Started OnlineExamSystemApplication in 1.854 seconds (process running for 181166.062)
2025-01-01 18:13:50 - INFO  c.o.OnlineExamSystemApplication - Starting OnlineExamSystemApplication using Java 23.0.1 with PID 14564 (D:\Eclipse\OnlineExamSystem\target\classes started by Darshan in D:\Eclipse\OnlineExamSystem)
2025-01-01 18:13:50 - INFO  c.o.OnlineExamSystemApplication - No active profile set, falling back to 1 default profile: "default"
2025-01-01 18:13:53 - INFO  c.o.OnlineExamSystemApplication - Started OnlineExamSystemApplication in 3.296 seconds (process running for 188224.281)
2025-01-01 18:14:26 - INFO  c.o.OnlineExamSystemApplication - Starting OnlineExamSystemApplication using Java 23.0.1 with PID 14564 (D:\Eclipse\OnlineExamSystem\target\classes started by Darshan in D:\Eclipse\OnlineExamSystem)
2025-01-01 18:14:26 - INFO  c.o.OnlineExamSystemApplication - No active profile set, falling back to 1 default profile: "default"
2025-01-01 18:14:28 - INFO  c.o.OnlineExamSystemApplication - Started OnlineExamSystemApplication in 1.894 seconds (process running for 188258.586)
2025-01-01 18:15:33 - INFO  c.o.OnlineExamSystemApplication - Starting OnlineExamSystemApplication using Java 23.0.1 with PID 14564 (D:\Eclipse\OnlineExamSystem\target\classes started by Darshan in D:\Eclipse\OnlineExamSystem)
2025-01-01 18:15:33 - INFO  c.o.OnlineExamSystemApplication - No active profile set, falling back to 1 default profile: "default"
2025-01-01 18:15:35 - INFO  c.o.OnlineExamSystemApplication - Started OnlineExamSystemApplication in 1.806 seconds (process running for 188325.879)
2025-01-01 21:37:37 - INFO  c.o.OnlineExamSystemApplication - Starting OnlineExamSystemApplication using Java 23.0.1 with PID 14564 (D:\Eclipse\OnlineExamSystem\target\classes started by Darshan in D:\Eclipse\OnlineExamSystem)
2025-01-01 21:37:37 - INFO  c.o.OnlineExamSystemApplication - No active profile set, falling back to 1 default profile: "default"
2025-01-01 21:37:40 - INFO  c.o.OnlineExamSystemApplication - Started OnlineExamSystemApplication in 3.266 seconds (process running for 200451.092)
2025-01-01 21:38:14 - INFO  c.o.OnlineExamSystemApplication - Starting OnlineExamSystemApplication using Java 23.0.1 with PID 14564 (D:\Eclipse\OnlineExamSystem\target\classes started by Darshan in D:\Eclipse\OnlineExamSystem)
2025-01-01 21:38:14 - INFO  c.o.OnlineExamSystemApplication - No active profile set, falling back to 1 default profile: "default"
2025-01-01 21:38:15 - INFO  c.o.OnlineExamSystemApplication - Started OnlineExamSystemApplication in 1.759 seconds (process running for 200486.337)
2025-01-01 21:42:12 - INFO  c.o.OnlineExamSystemApplication - Starting OnlineExamSystemApplication using Java 23.0.1 with PID 14564 (D:\Eclipse\OnlineExamSystem\target\classes started by Darshan in D:\Eclipse\OnlineExamSystem)
2025-01-01 21:42:12 - INFO  c.o.OnlineExamSystemApplication - No active profile set, falling back to 1 default profile: "default"
2025-01-01 21:42:15 - INFO  c.o.OnlineExamSystemApplication - Started OnlineExamSystemApplication in 2.987 seconds (process running for 200726.065)
2025-01-01 21:48:05 - INFO  c.o.OnlineExamSystemApplication - Starting OnlineExamSystemApplication using Java 23.0.1 with PID 14564 (D:\Eclipse\OnlineExamSystem\target\classes started by Darshan in D:\Eclipse\OnlineExamSystem)
2025-01-01 21:48:05 - INFO  c.o.OnlineExamSystemApplication - No active profile set, falling back to 1 default profile: "default"
2025-01-01 21:48:07 - INFO  c.o.OnlineExamSystemApplication - Started OnlineExamSystemApplication in 2.307 seconds (process running for 201078.029)
2025-01-01 21:55:48 - ERROR o.a.c.c.C.[.[.[.[dispatcherServlet] - Servlet.service() for servlet [dispatcherServlet] in context with path [] threw exception [Request processing failed: java.lang.IllegalArgumentException: Cannot construct instance of `com.onlineExamSystem.entity.McqQuestion` (although at least one Creator exists): no int/Int-argument constructor/factory method to deserialize from Number value (7)
 at [Source: UNKNOWN; byte offset: #UNKNOWN] (through reference chain: java.util.ArrayList[0]->com.onlineExamSystem.entity.McqAnswer["ques"])] with root cause
com.fasterxml.jackson.databind.exc.MismatchedInputException: Cannot construct instance of `com.onlineExamSystem.entity.McqQuestion` (although at least one Creator exists): no int/Int-argument constructor/factory method to deserialize from Number value (7)
 at [Source: UNKNOWN; byte offset: #UNKNOWN] (through reference chain: java.util.ArrayList[0]->com.onlineExamSystem.entity.McqAnswer["ques"])
	at com.fasterxml.jackson.databind.exc.MismatchedInputException.from(MismatchedInputException.java:63)
2025-01-01 21:55:48 - ERROR o.a.c.c.C.[.[.[.[dispatcherServlet] - Servlet.service() for servlet [dispatcherServlet] in context with path [] threw exception [Request processing failed: java.lang.IllegalArgumentException: Cannot construct instance of `com.onlineExamSystem.entity.ProgrammingQuestion` (although at least one Creator exists): no int/Int-argument constructor/factory method to deserialize from Number value (4)
 at [Source: UNKNOWN; byte offset: #UNKNOWN] (through reference chain: java.util.ArrayList[0]->com.onlineExamSystem.entity.ProgrammingAnswer["ques"])] with root cause
com.fasterxml.jackson.databind.exc.MismatchedInputException: Cannot construct instance of `com.onlineExamSystem.entity.ProgrammingQuestion` (although at least one Creator exists): no int/Int-argument constructor/factory method to deserialize from Number value (4)
 at [Source: UNKNOWN; byte offset: #UNKNOWN] (through reference chain: java.util.ArrayList[0]->com.onlineExamSystem.entity.ProgrammingAnswer["ques"])
	at com.fasterxml.jackson.databind.exc.MismatchedInputException.from(MismatchedInputException.java:63)
